Using pre-set license
Built from '2021.3/staging' branch; Version is '2021.3.8f1 (b30333d56e81) revision 11731763'; Using compiler version '192829333'; Build Type 'Release'
OS: 'Windows 11  (10.0.22000) 64bit Core' Language: 'es' Physical Memory: 14188 MB
BatchMode: 1, IsHumanControllingUs: 0, StartBugReporterOnCrash: 0, Is64bit: 1, IsPro: 1

COMMAND LINE ARGUMENTS:
C:\Program Files\Unity\Hub\Editor\2021.3.8f1\Editor\Unity.exe
-adb2
-batchMode
-noUpm
-name
AssetImportWorker7
-projectPath
C:/Users/sebas/Documents/ENGINES/Unity/ProyectoAgua2/Agua Proyect 2
-logFile
Logs/AssetImportWorker7.log
-srvPort
57194
Successfully changed project path to: C:/Users/sebas/Documents/ENGINES/Unity/ProyectoAgua2/Agua Proyect 2
C:/Users/sebas/Documents/ENGINES/Unity/ProyectoAgua2/Agua Proyect 2
[UnityMemory] Configuration Parameters - Can be set up in boot.config
    "memorysetup-bucket-allocator-granularity=16"
    "memorysetup-bucket-allocator-bucket-count=8"
    "memorysetup-bucket-allocator-block-size=33554432"
    "memorysetup-bucket-allocator-block-count=8"
    "memorysetup-main-allocator-block-size=16777216"
    "memorysetup-thread-allocator-block-size=16777216"
    "memorysetup-gfx-main-allocator-block-size=16777216"
    "memorysetup-gfx-thread-allocator-block-size=16777216"
    "memorysetup-cache-allocator-block-size=4194304"
    "memorysetup-typetree-allocator-block-size=2097152"
    "memorysetup-profiler-bucket-allocator-granularity=16"
    "memorysetup-profiler-bucket-allocator-bucket-count=8"
    "memorysetup-profiler-bucket-allocator-block-size=33554432"
    "memorysetup-profiler-bucket-allocator-block-count=8"
    "memorysetup-profiler-allocator-block-size=16777216"
    "memorysetup-profiler-editor-allocator-block-size=1048576"
    "memorysetup-temp-allocator-size-main=16777216"
    "memorysetup-job-temp-allocator-block-size=2097152"
    "memorysetup-job-temp-allocator-block-size-background=1048576"
    "memorysetup-job-temp-allocator-reduction-small-platforms=262144"
    "memorysetup-temp-allocator-size-background-worker=32768"
    "memorysetup-temp-allocator-size-job-worker=262144"
    "memorysetup-temp-allocator-size-preload-manager=33554432"
    "memorysetup-temp-allocator-size-nav-mesh-worker=65536"
    "memorysetup-temp-allocator-size-audio-worker=65536"
    "memorysetup-temp-allocator-size-cloud-worker=32768"
    "memorysetup-temp-allocator-size-gi-baking-worker=262144"
    "memorysetup-temp-allocator-size-gfx=262144"
Refreshing native plugins compatible for Editor in 97.53 ms, found 3 plugins.
Preloading 0 native plugins for Editor in 0.00 ms.
Initialize engine version: 2021.3.8f1 (b30333d56e81)
[Subsystems] Discovering subsystems at path C:/Program Files/Unity/Hub/Editor/2021.3.8f1/Editor/Data/Resources/UnitySubsystems
[Subsystems] Discovering subsystems at path C:/Users/sebas/Documents/ENGINES/Unity/ProyectoAgua2/Agua Proyect 2/Assets
GfxDevice: creating device client; threaded=0; jobified=0
Direct3D:
    Version:  Direct3D 11.0 [level 11.1]
    Renderer: NVIDIA GeForce RTX 3050 Ti Laptop GPU (ID=0x25e0)
    Vendor:   NVIDIA
    VRAM:     3990 MB
    Driver:   31.0.15.1640
Initialize mono
Mono path[0] = 'C:/Program Files/Unity/Hub/Editor/2021.3.8f1/Editor/Data/Managed'
Mono path[1] = 'C:/Program Files/Unity/Hub/Editor/2021.3.8f1/Editor/Data/MonoBleedingEdge/lib/mono/unityjit-win32'
Mono config path = 'C:/Program Files/Unity/Hub/Editor/2021.3.8f1/Editor/Data/MonoBleedingEdge/etc'
Using monoOptions --debugger-agent=transport=dt_socket,embedding=1,server=y,suspend=n,address=127.0.0.1:56448
Begin MonoManager ReloadAssembly
Registering precompiled unity dll's ...
Register platform support module: C:/Program Files/Unity/Hub/Editor/2021.3.8f1/Editor/Data/PlaybackEngines/WindowsStandaloneSupport/UnityEditor.WindowsStandalone.Extensions.dll
Registered in 0.003814 seconds.
Native extension for WindowsStandalone target not found
Refreshing native plugins compatible for Editor in 84.12 ms, found 3 plugins.
Preloading 0 native plugins for Editor in 0.00 ms.
Mono: successfully reloaded assembly
- Completed reload, in  0.507 seconds
Domain Reload Profiling:
	ReloadAssembly (507ms)
		BeginReloadAssembly (61ms)
			ExecutionOrderSort (0ms)
			DisableScriptedObjects (0ms)
			BackupInstance (0ms)
			ReleaseScriptingObjects (0ms)
			CreateAndSetChildDomain (1ms)
		EndReloadAssembly (361ms)
			LoadAssemblies (59ms)
			RebuildTransferFunctionScriptingTraits (0ms)
			SetupTypeCache (73ms)
			ReleaseScriptCaches (0ms)
			RebuildScriptCaches (22ms)
			SetupLoadedEditorAssemblies (225ms)
				LogAssemblyErrors (0ms)
				InitializePlatformSupportModulesInManaged (6ms)
				SetLoadedEditorAssemblies (0ms)
				RefreshPlugins (84ms)
				BeforeProcessingInitializeOnLoad (1ms)
				ProcessInitializeOnLoadAttributes (98ms)
				ProcessInitializeOnLoadMethodAttributes (35ms)
				AfterProcessingInitializeOnLoad (0ms)
				EditorAssembliesLoaded (0ms)
			ExecutionOrderSort2 (0ms)
			AwakeInstancesAfterBackupRestoration (0ms)
Platform modules already initialized, skipping
Registering precompiled user dll's ...
Registered in 0.004433 seconds.
Begin MonoManager ReloadAssembly
Symbol file LoadedFromMemory doesn't match image C:\Users\sebas\Documents\ENGINES\Unity\ProyectoAgua2\Agua Proyect 2\Library\PackageCache\com.unity.visualscripting@1.7.8\Editor\VisualScripting.Core\Dependencies\YamlDotNet\Unity.VisualScripting.YamlDotNet.dll
Symbol file LoadedFromMemory doesn't match image C:\Users\sebas\Documents\ENGINES\Unity\ProyectoAgua2\Agua Proyect 2\Library\PackageCache\com.unity.visualscripting@1.7.8\Editor\VisualScripting.Core\Dependencies\DotNetZip\Unity.VisualScripting.IonicZip.dll
Native extension for WindowsStandalone target not found
Refreshing native plugins compatible for Editor in 95.44 ms, found 3 plugins.
Preloading 0 native plugins for Editor in 0.00 ms.
Mono: successfully reloaded assembly
- Completed reload, in  1.014 seconds
Domain Reload Profiling:
	ReloadAssembly (1015ms)
		BeginReloadAssembly (88ms)
			ExecutionOrderSort (0ms)
			DisableScriptedObjects (4ms)
			BackupInstance (0ms)
			ReleaseScriptingObjects (0ms)
			CreateAndSetChildDomain (17ms)
		EndReloadAssembly (839ms)
			LoadAssemblies (66ms)
			RebuildTransferFunctionScriptingTraits (0ms)
			SetupTypeCache (214ms)
			ReleaseScriptCaches (1ms)
			RebuildScriptCaches (49ms)
			SetupLoadedEditorAssemblies (473ms)
				LogAssemblyErrors (0ms)
				InitializePlatformSupportModulesInManaged (5ms)
				SetLoadedEditorAssemblies (0ms)
				RefreshPlugins (96ms)
				BeforeProcessingInitializeOnLoad (85ms)
				ProcessInitializeOnLoadAttributes (262ms)
				ProcessInitializeOnLoadMethodAttributes (20ms)
				AfterProcessingInitializeOnLoad (5ms)
				EditorAssembliesLoaded (0ms)
			ExecutionOrderSort2 (0ms)
			AwakeInstancesAfterBackupRestoration (5ms)
Platform modules already initialized, skipping
========================================================================
Worker process is ready to serve import requests
Launched and connected shader compiler UnityShaderCompiler.exe after 0.05 seconds
Refreshing native plugins compatible for Editor in 0.83 ms, found 3 plugins.
Preloading 0 native plugins for Editor in 0.00 ms.
Unloading 4019 Unused Serialized files (Serialized files now loaded: 0)
Unloading 45 unused Assets / (0.5 MB). Loaded Objects now: 4496.
Memory consumption went from 162.9 MB to 162.4 MB.
Total: 3.323200 ms (FindLiveObjects: 0.295800 ms CreateObjectMapping: 0.112900 ms MarkObjects: 2.641700 ms  DeleteObjects: 0.272000 ms)

AssetImportParameters requested are different than current active one (requested -> active):
  custom:video-decoder-ogg-theora: a1e56fd34408186e4bbccfd4996cb3dc -> 
  custom:container-muxer-webm: aa71ff27fc2769a1b78a27578f13a17b -> 
  custom:container-demuxer-webm: 4f35f7cbe854078d1ac9338744f61a02 -> 
  custom:video-encoder-webm-vp8: eb34c28f22e8b96e1ab97ce403110664 -> 
  custom:video-codec-MediaFoundation-h265: 746d11721c4dcdbdad8f713fa42b33f4 -> 
  custom:audio-encoder-webm-vorbis: bf7c407c2cedff20999df2af8eb42d56 -> 
  custom:framework-win-MediaFoundation: 216162199b28c13a410421893ffa2e32 -> 
  custom:container-demuxer-ogg: 62fdf1f143b41e24485cea50d1cbac27 -> 
  custom:video-decoder-webm-vp8: 9c59270c3fd7afecdb556c50c9e8de78 -> 
  custom:audio-decoder-ogg-vorbis: bf7c407c2cedff20999df2af8eb42d56 -> 
========================================================================
Received Import Request.
  Time since last request: 837748.937020 seconds.
  path: Assets/Low Poly Free Vegetation Kit/Meshes/Grass Patches.fbx
  artifactKey: Guid(5f5482c224678d9429071f111f544d8c) Importer(815301076,1909f56bfc062723c751e8b465ee728b)
Start importing Assets/Low Poly Free Vegetation Kit/Meshes/Grass Patches.fbx using Guid(5f5482c224678d9429071f111f544d8c) Importer(815301076,1909f56bfc062723c751e8b465ee728b)  -> (artifact id: '2e2ac1bc82cc6ea8b73381ac2de5ece2') in 0.222577 seconds 
========================================================================
Received Import Request.
  Time since last request: 0.000026 seconds.
  path: Assets/Low Poly Free Vegetation Kit/Meshes/Stumps.fbx
  artifactKey: Guid(480d29c512ed7c94c84fd730bfb23246) Importer(815301076,1909f56bfc062723c751e8b465ee728b)
Start importing Assets/Low Poly Free Vegetation Kit/Meshes/Stumps.fbx using Guid(480d29c512ed7c94c84fd730bfb23246) Importer(815301076,1909f56bfc062723c751e8b465ee728b)  -> (artifact id: 'e33c3c1db4d9f4bf7c8f23f802a64876') in 0.048316 seconds 
========================================================================
Received Import Request.
  Time since last request: 0.000036 seconds.
  path: Assets/Low Poly Free Vegetation Kit/Meshes/Rocks.fbx
  artifactKey: Guid(b028c90d3d17c7849a589391cd891c6c) Importer(815301076,1909f56bfc062723c751e8b465ee728b)
Start importing Assets/Low Poly Free Vegetation Kit/Meshes/Rocks.fbx using Guid(b028c90d3d17c7849a589391cd891c6c) Importer(815301076,1909f56bfc062723c751e8b465ee728b)  -> (artifact id: 'c78530aedaf022ad9fd3403b498c4657') in 0.131039 seconds 
========================================================================
Received Import Request.
  Time since last request: 923.758294 seconds.
  path: Assets/Blink/Art/Textures/StylizedDesertTextures/Rocks_1_Sand_3/Rock_1_Sand_3.terrainlayer
  artifactKey: Guid(2570733b4b508b542975403ec208b3be) Importer(815301076,1909f56bfc062723c751e8b465ee728b)
Start importing Assets/Blink/Art/Textures/StylizedDesertTextures/Rocks_1_Sand_3/Rock_1_Sand_3.terrainlayer using Guid(2570733b4b508b542975403ec208b3be) Importer(815301076,1909f56bfc062723c751e8b465ee728b)  -> (artifact id: 'c63337c898178cde0894b97d2af5c3ad') in 0.054876 seconds 
========================================================================
Received Import Request.
  Time since last request: 0.000019 seconds.
  path: Assets/Blink/Art/Textures/StylizedDesertTextures/Rocks_1_Sand_3/Rocks_1_Sand_3_BaseColor.png
  artifactKey: Guid(6fa7161420bbd60419693f2519d83d78) Importer(815301076,1909f56bfc062723c751e8b465ee728b)
Start importing Assets/Blink/Art/Textures/StylizedDesertTextures/Rocks_1_Sand_3/Rocks_1_Sand_3_BaseColor.png using Guid(6fa7161420bbd60419693f2519d83d78) Importer(815301076,1909f56bfc062723c751e8b465ee728b)  -> (artifact id: 'efe26ce8850330a43a7d84290fd9118a') in 0.025714 seconds 
========================================================================
Received Import Request.
  Time since last request: 0.000018 seconds.
  path: Assets/Blink/Art/Textures/StylizedDesertTextures/Rocks_1_Sand_3/Rocks_1_Sand_3_Height.png
  artifactKey: Guid(4d09fee64dc0ae14d9a1c435d0535aed) Importer(815301076,1909f56bfc062723c751e8b465ee728b)
Start importing Assets/Blink/Art/Textures/StylizedDesertTextures/Rocks_1_Sand_3/Rocks_1_Sand_3_Height.png using Guid(4d09fee64dc0ae14d9a1c435d0535aed) Importer(815301076,1909f56bfc062723c751e8b465ee728b)  -> (artifact id: 'c8caa646e838668926f387b3484226c1') in 0.011884 seconds 
========================================================================
Received Import Request.
  Time since last request: 0.000026 seconds.
  path: Assets/Blink/Art/Textures/StylizedDesertTextures/Rocks_1_Sand_3/Rocks_1_Sand_3_AmbientOcclusion.png
  artifactKey: Guid(aa9d3601a6bd8354190cf1f4611111d0) Importer(815301076,1909f56bfc062723c751e8b465ee728b)
Start importing Assets/Blink/Art/Textures/StylizedDesertTextures/Rocks_1_Sand_3/Rocks_1_Sand_3_AmbientOcclusion.png using Guid(aa9d3601a6bd8354190cf1f4611111d0) Importer(815301076,1909f56bfc062723c751e8b465ee728b)  -> (artifact id: '12150956e92b0790a03e4b14b7381d7c') in 0.012285 seconds 
========================================================================
Received Import Request.
  Time since last request: 0.000039 seconds.
  path: Assets/Blink/Art/Textures/StylizedDesertTextures/Rocks_1_Sand_3/Rocks_1_Sand_3_Normal.png
  artifactKey: Guid(1c11fe45eb4c5574aa39c02bd15b24d0) Importer(815301076,1909f56bfc062723c751e8b465ee728b)
Start importing Assets/Blink/Art/Textures/StylizedDesertTextures/Rocks_1_Sand_3/Rocks_1_Sand_3_Normal.png using Guid(1c11fe45eb4c5574aa39c02bd15b24d0) Importer(815301076,1909f56bfc062723c751e8b465ee728b)  -> (artifact id: 'c0d03f331ee58d62fc6915b7e7029c74') in 0.016229 seconds 
========================================================================
Received Import Request.
  Time since last request: 0.000024 seconds.
  path: Assets/Blink/Art/Textures/StylizedDesertTextures/Rocks_1_Sand_3/Rocks_1_Sand_3_Roughness.png
  artifactKey: Guid(b288bd1ea5f52d0449434b7ddea40cf2) Importer(815301076,1909f56bfc062723c751e8b465ee728b)
Start importing Assets/Blink/Art/Textures/StylizedDesertTextures/Rocks_1_Sand_3/Rocks_1_Sand_3_Roughness.png using Guid(b288bd1ea5f52d0449434b7ddea40cf2) Importer(815301076,1909f56bfc062723c751e8b465ee728b)  -> (artifact id: '6959dbc05731138ae88047e5948bb33b') in 0.011181 seconds 
========================================================================
Received Import Request.
  Time since last request: 14.237599 seconds.
  path: Assets/Blink/Art/Textures/StylizedDesertTextures/Rocks_1_Sand_3/Materials/Rocks_1_Sand_3_Height.mat
  artifactKey: Guid(0eb7d2624efebce469d1970b7b825be7) Importer(815301076,1909f56bfc062723c751e8b465ee728b)
Start importing Assets/Blink/Art/Textures/StylizedDesertTextures/Rocks_1_Sand_3/Materials/Rocks_1_Sand_3_Height.mat using Guid(0eb7d2624efebce469d1970b7b825be7) Importer(815301076,1909f56bfc062723c751e8b465ee728b)  -> (artifact id: '542986982c3fd5a204ab794d147c3f51') in 0.026964 seconds 
========================================================================
Received Import Request.
  Time since last request: 0.000017 seconds.
  path: Assets/Blink/Art/Textures/StylizedDesertTextures/Rocks_1_Sand_3/Materials/Rocks_1_Sand_3_Normal.mat
  artifactKey: Guid(c8cc6db91e569d1408e2d41b6bf0ecc2) Importer(815301076,1909f56bfc062723c751e8b465ee728b)
Start importing Assets/Blink/Art/Textures/StylizedDesertTextures/Rocks_1_Sand_3/Materials/Rocks_1_Sand_3_Normal.mat using Guid(c8cc6db91e569d1408e2d41b6bf0ecc2) Importer(815301076,1909f56bfc062723c751e8b465ee728b)  -> (artifact id: 'a0c80a6afd0cd984115f4d93eb4e18df') in 0.019234 seconds 
========================================================================
Received Import Request.
  Time since last request: 27.745054 seconds.
  path: Assets/Blink/Art/Textures/StylizedForestTextures/Cliff_3/Cliff_3_AmbientOcclusion.png
  artifactKey: Guid(120a30f02d4a4654e8aa69ccabedeb3d) Importer(815301076,1909f56bfc062723c751e8b465ee728b)
Start importing Assets/Blink/Art/Textures/StylizedForestTextures/Cliff_3/Cliff_3_AmbientOcclusion.png using Guid(120a30f02d4a4654e8aa69ccabedeb3d) Importer(815301076,1909f56bfc062723c751e8b465ee728b)  -> (artifact id: 'ae65e35bd71d05f154cf1031bccac872') in 0.021868 seconds 
========================================================================
Received Import Request.
  Time since last request: 0.000029 seconds.
  path: Assets/Blink/Art/Textures/StylizedForestTextures/Cliff_3/Cliff_3_BaseColor.png
  artifactKey: Guid(91e362541b37fe947a8296386e22344f) Importer(815301076,1909f56bfc062723c751e8b465ee728b)
Start importing Assets/Blink/Art/Textures/StylizedForestTextures/Cliff_3/Cliff_3_BaseColor.png using Guid(91e362541b37fe947a8296386e22344f) Importer(815301076,1909f56bfc062723c751e8b465ee728b)  -> (artifact id: 'cebfcc939d6bb21736dd5eefd1d6a1f3') in 0.020857 seconds 
========================================================================
Received Import Request.
  Time since last request: 0.000034 seconds.
  path: Assets/Blink/Art/Textures/StylizedForestTextures/Cliff_3/Cliff_3_Roughness.png
  artifactKey: Guid(1446785b5ae3f274eb68fa98f44389d8) Importer(815301076,1909f56bfc062723c751e8b465ee728b)
Start importing Assets/Blink/Art/Textures/StylizedForestTextures/Cliff_3/Cliff_3_Roughness.png using Guid(1446785b5ae3f274eb68fa98f44389d8) Importer(815301076,1909f56bfc062723c751e8b465ee728b)  -> (artifact id: 'b57b7c244fea71ca706584065ce5f961') in 0.016112 seconds 
========================================================================
Received Import Request.
  Time since last request: 133.854841 seconds.
  path: Assets/materials/Ground.mat
  artifactKey: Guid(32ac898e7dcc3674b8126e9e1824f2d3) Importer(815301076,1909f56bfc062723c751e8b465ee728b)
Start importing Assets/materials/Ground.mat using Guid(32ac898e7dcc3674b8126e9e1824f2d3) Importer(815301076,1909f56bfc062723c751e8b465ee728b)  -> (artifact id: 'ad3bf32be7e6490d29a74bab9669410d') in 0.031647 seconds 
========================================================================
Received Import Request.
  Time since last request: 76.623928 seconds.
  path: Assets/Blink/Art/Textures/StylizedLavaTextures/Rock_Ground_Cliff_1/Rock_Ground_Cliff_1.terrainlayer
  artifactKey: Guid(d03202bc164da2c4f935241fc42dbffa) Importer(815301076,1909f56bfc062723c751e8b465ee728b)
Start importing Assets/Blink/Art/Textures/StylizedLavaTextures/Rock_Ground_Cliff_1/Rock_Ground_Cliff_1.terrainlayer using Guid(d03202bc164da2c4f935241fc42dbffa) Importer(815301076,1909f56bfc062723c751e8b465ee728b)  -> (artifact id: '226a5d1099266bef17c08da09afdf58b') in 0.028346 seconds 
========================================================================
Received Import Request.
  Time since last request: 0.000018 seconds.
  path: Assets/Blink/Art/Textures/StylizedLavaTextures/Rock_Ground_Cliff_1/Rock_Ground_Cliff_1_Normal.png
  artifactKey: Guid(c4e78757e32cc8d4480c0e97328f3740) Importer(815301076,1909f56bfc062723c751e8b465ee728b)
Start importing Assets/Blink/Art/Textures/StylizedLavaTextures/Rock_Ground_Cliff_1/Rock_Ground_Cliff_1_Normal.png using Guid(c4e78757e32cc8d4480c0e97328f3740) Importer(815301076,1909f56bfc062723c751e8b465ee728b)  -> (artifact id: '77dacf4d73f11ae44153fd981e54cb24') in 0.012344 seconds 
========================================================================
Received Import Request.
  Time since last request: 0.000037 seconds.
  path: Assets/Blink/Art/Textures/StylizedLavaTextures/Rock_Ground_Cliff_1/Rock_Ground_Cliff_1_Roughness.png
  artifactKey: Guid(f386abe775e9a57459e8aeba11ad0fe8) Importer(815301076,1909f56bfc062723c751e8b465ee728b)
Start importing Assets/Blink/Art/Textures/StylizedLavaTextures/Rock_Ground_Cliff_1/Rock_Ground_Cliff_1_Roughness.png using Guid(f386abe775e9a57459e8aeba11ad0fe8) Importer(815301076,1909f56bfc062723c751e8b465ee728b)  -> (artifact id: 'ee09b07e78a345e4504993c102712e59') in 0.013225 seconds 
========================================================================
Received Import Request.
  Time since last request: 0.000051 seconds.
  path: Assets/Blink/Art/Textures/StylizedLavaTextures/Rock_Ground_Cliff_1/Rock_Ground_Cliff_1_Height.png
  artifactKey: Guid(b3085d568386ce146bb165bc91306590) Importer(815301076,1909f56bfc062723c751e8b465ee728b)
Start importing Assets/Blink/Art/Textures/StylizedLavaTextures/Rock_Ground_Cliff_1/Rock_Ground_Cliff_1_Height.png using Guid(b3085d568386ce146bb165bc91306590) Importer(815301076,1909f56bfc062723c751e8b465ee728b)  -> (artifact id: '95c332fe4eab8b9597522cf01245a8a5') in 0.016460 seconds 
Editor requested this worker to shutdown with reason: Scaling down because of idle timeout
AssetImportWorker is now disconnected from the server
Process exiting
Exiting without the bug reporter. Application will terminate with return code 0