Using pre-set license
Built from '2021.3/staging' branch; Version is '2021.3.8f1 (b30333d56e81) revision 11731763'; Using compiler version '192829333'; Build Type 'Release'
OS: 'Windows 11  (10.0.22000) 64bit Core' Language: 'es' Physical Memory: 14188 MB
BatchMode: 1, IsHumanControllingUs: 0, StartBugReporterOnCrash: 0, Is64bit: 1, IsPro: 1

COMMAND LINE ARGUMENTS:
C:\Program Files\Unity\Hub\Editor\2021.3.8f1\Editor\Unity.exe
-adb2
-batchMode
-noUpm
-name
AssetImportWorker2
-projectPath
C:/Users/sebas/Documents/ENGINES/Unity/ProyectoAgua2/Agua Proyect 2
-logFile
Logs/AssetImportWorker2.log
-srvPort
54951
Successfully changed project path to: C:/Users/sebas/Documents/ENGINES/Unity/ProyectoAgua2/Agua Proyect 2
C:/Users/sebas/Documents/ENGINES/Unity/ProyectoAgua2/Agua Proyect 2
[UnityMemory] Configuration Parameters - Can be set up in boot.config
    "memorysetup-bucket-allocator-granularity=16"
    "memorysetup-bucket-allocator-bucket-count=8"
    "memorysetup-bucket-allocator-block-size=33554432"
    "memorysetup-bucket-allocator-block-count=8"
    "memorysetup-main-allocator-block-size=16777216"
    "memorysetup-thread-allocator-block-size=16777216"
    "memorysetup-gfx-main-allocator-block-size=16777216"
    "memorysetup-gfx-thread-allocator-block-size=16777216"
    "memorysetup-cache-allocator-block-size=4194304"
    "memorysetup-typetree-allocator-block-size=2097152"
    "memorysetup-profiler-bucket-allocator-granularity=16"
    "memorysetup-profiler-bucket-allocator-bucket-count=8"
    "memorysetup-profiler-bucket-allocator-block-size=33554432"
    "memorysetup-profiler-bucket-allocator-block-count=8"
    "memorysetup-profiler-allocator-block-size=16777216"
    "memorysetup-profiler-editor-allocator-block-size=1048576"
    "memorysetup-temp-allocator-size-main=16777216"
    "memorysetup-job-temp-allocator-block-size=2097152"
    "memorysetup-job-temp-allocator-block-size-background=1048576"
    "memorysetup-job-temp-allocator-reduction-small-platforms=262144"
    "memorysetup-temp-allocator-size-background-worker=32768"
    "memorysetup-temp-allocator-size-job-worker=262144"
    "memorysetup-temp-allocator-size-preload-manager=33554432"
    "memorysetup-temp-allocator-size-nav-mesh-worker=65536"
    "memorysetup-temp-allocator-size-audio-worker=65536"
    "memorysetup-temp-allocator-size-cloud-worker=32768"
    "memorysetup-temp-allocator-size-gi-baking-worker=262144"
    "memorysetup-temp-allocator-size-gfx=262144"
Refreshing native plugins compatible for Editor in 148.45 ms, found 3 plugins.
Preloading 0 native plugins for Editor in 0.00 ms.
Initialize engine version: 2021.3.8f1 (b30333d56e81)
[Subsystems] Discovering subsystems at path C:/Program Files/Unity/Hub/Editor/2021.3.8f1/Editor/Data/Resources/UnitySubsystems
[Subsystems] Discovering subsystems at path C:/Users/sebas/Documents/ENGINES/Unity/ProyectoAgua2/Agua Proyect 2/Assets
GfxDevice: creating device client; threaded=0; jobified=0
Direct3D:
    Version:  Direct3D 11.0 [level 11.1]
    Renderer: NVIDIA GeForce RTX 3050 Ti Laptop GPU (ID=0x25e0)
    Vendor:   NVIDIA
    VRAM:     3990 MB
    Driver:   31.0.15.1640
Initialize mono
Mono path[0] = 'C:/Program Files/Unity/Hub/Editor/2021.3.8f1/Editor/Data/Managed'
Mono path[1] = 'C:/Program Files/Unity/Hub/Editor/2021.3.8f1/Editor/Data/MonoBleedingEdge/lib/mono/unityjit-win32'
Mono config path = 'C:/Program Files/Unity/Hub/Editor/2021.3.8f1/Editor/Data/MonoBleedingEdge/etc'
Using monoOptions --debugger-agent=transport=dt_socket,embedding=1,server=y,suspend=n,address=127.0.0.1:56832
Begin MonoManager ReloadAssembly
Registering precompiled unity dll's ...
Register platform support module: C:/Program Files/Unity/Hub/Editor/2021.3.8f1/Editor/Data/PlaybackEngines/WindowsStandaloneSupport/UnityEditor.WindowsStandalone.Extensions.dll
Registered in 0.005790 seconds.
Native extension for WindowsStandalone target not found
Refreshing native plugins compatible for Editor in 126.53 ms, found 3 plugins.
Preloading 0 native plugins for Editor in 0.00 ms.
Mono: successfully reloaded assembly
- Completed reload, in  0.929 seconds
Domain Reload Profiling:
	ReloadAssembly (930ms)
		BeginReloadAssembly (130ms)
			ExecutionOrderSort (0ms)
			DisableScriptedObjects (0ms)
			BackupInstance (0ms)
			ReleaseScriptingObjects (0ms)
			CreateAndSetChildDomain (2ms)
		EndReloadAssembly (651ms)
			LoadAssemblies (125ms)
			RebuildTransferFunctionScriptingTraits (0ms)
			SetupTypeCache (158ms)
			ReleaseScriptCaches (0ms)
			RebuildScriptCaches (39ms)
			SetupLoadedEditorAssemblies (386ms)
				LogAssemblyErrors (0ms)
				InitializePlatformSupportModulesInManaged (10ms)
				SetLoadedEditorAssemblies (0ms)
				RefreshPlugins (127ms)
				BeforeProcessingInitializeOnLoad (2ms)
				ProcessInitializeOnLoadAttributes (182ms)
				ProcessInitializeOnLoadMethodAttributes (65ms)
				AfterProcessingInitializeOnLoad (0ms)
				EditorAssembliesLoaded (0ms)
			ExecutionOrderSort2 (0ms)
			AwakeInstancesAfterBackupRestoration (0ms)
Platform modules already initialized, skipping
Registering precompiled user dll's ...
Registered in 0.007356 seconds.
Begin MonoManager ReloadAssembly
Symbol file LoadedFromMemory doesn't match image C:\Users\sebas\Documents\ENGINES\Unity\ProyectoAgua2\Agua Proyect 2\Library\PackageCache\com.unity.visualscripting@1.7.8\Editor\VisualScripting.Core\Dependencies\YamlDotNet\Unity.VisualScripting.YamlDotNet.dll
Symbol file LoadedFromMemory doesn't match image C:\Users\sebas\Documents\ENGINES\Unity\ProyectoAgua2\Agua Proyect 2\Library\PackageCache\com.unity.visualscripting@1.7.8\Editor\VisualScripting.Core\Dependencies\DotNetZip\Unity.VisualScripting.IonicZip.dll
Native extension for WindowsStandalone target not found
Refreshing native plugins compatible for Editor in 158.24 ms, found 3 plugins.
Preloading 0 native plugins for Editor in 0.00 ms.
Mono: successfully reloaded assembly
- Completed reload, in  1.797 seconds
Domain Reload Profiling:
	ReloadAssembly (1798ms)
		BeginReloadAssembly (167ms)
			ExecutionOrderSort (0ms)
			DisableScriptedObjects (8ms)
			BackupInstance (0ms)
			ReleaseScriptingObjects (0ms)
			CreateAndSetChildDomain (27ms)
		EndReloadAssembly (1459ms)
			LoadAssemblies (129ms)
			RebuildTransferFunctionScriptingTraits (0ms)
			SetupTypeCache (362ms)
			ReleaseScriptCaches (1ms)
			RebuildScriptCaches (74ms)
			SetupLoadedEditorAssemblies (828ms)
				LogAssemblyErrors (0ms)
				InitializePlatformSupportModulesInManaged (8ms)
				SetLoadedEditorAssemblies (0ms)
				RefreshPlugins (158ms)
				BeforeProcessingInitializeOnLoad (151ms)
				ProcessInitializeOnLoadAttributes (455ms)
				ProcessInitializeOnLoadMethodAttributes (43ms)
				AfterProcessingInitializeOnLoad (12ms)
				EditorAssembliesLoaded (0ms)
			ExecutionOrderSort2 (0ms)
			AwakeInstancesAfterBackupRestoration (8ms)
Platform modules already initialized, skipping
========================================================================
Worker process is ready to serve import requests
Launched and connected shader compiler UnityShaderCompiler.exe after 0.09 seconds
Refreshing native plugins compatible for Editor in 1.42 ms, found 3 plugins.
Preloading 0 native plugins for Editor in 0.00 ms.
Unloading 3887 Unused Serialized files (Serialized files now loaded: 0)
Unloading 43 unused Assets / (182.3 KB). Loaded Objects now: 4361.
Memory consumption went from 149.9 MB to 149.7 MB.
Total: 7.819200 ms (FindLiveObjects: 0.645800 ms CreateObjectMapping: 0.254500 ms MarkObjects: 6.686600 ms  DeleteObjects: 0.230200 ms)

AssetImportParameters requested are different than current active one (requested -> active):
  custom:video-decoder-ogg-theora: a1e56fd34408186e4bbccfd4996cb3dc -> 
  custom:container-muxer-webm: aa71ff27fc2769a1b78a27578f13a17b -> 
  custom:container-demuxer-webm: 4f35f7cbe854078d1ac9338744f61a02 -> 
  custom:video-encoder-webm-vp8: eb34c28f22e8b96e1ab97ce403110664 -> 
  custom:video-codec-MediaFoundation-h265: 746d11721c4dcdbdad8f713fa42b33f4 -> 
  custom:audio-encoder-webm-vorbis: bf7c407c2cedff20999df2af8eb42d56 -> 
  custom:framework-win-MediaFoundation: 216162199b28c13a410421893ffa2e32 -> 
  custom:container-demuxer-ogg: 62fdf1f143b41e24485cea50d1cbac27 -> 
  custom:video-decoder-webm-vp8: 9c59270c3fd7afecdb556c50c9e8de78 -> 
  custom:audio-decoder-ogg-vorbis: bf7c407c2cedff20999df2af8eb42d56 -> 
========================================================================
Received Import Request.
  Time since last request: 831292.672829 seconds.
  path: Assets/Prefabs/Ground.prefab
  artifactKey: Guid(3068832eb3565fc4b99bc399813cacf4) Importer(815301076,1909f56bfc062723c751e8b465ee728b)
Start importing Assets/Prefabs/Ground.prefab using Guid(3068832eb3565fc4b99bc399813cacf4) Importer(815301076,1909f56bfc062723c751e8b465ee728b)  -> (artifact id: 'ea932bc61ed308ffbcc97ed0e50d4604') in 0.162210 seconds 
========================================================================
Received Import Request.
  Time since last request: 0.000027 seconds.
  path: Assets/Prefabs
  artifactKey: Guid(106bbefb1a8044146ade467628e471cc) Importer(815301076,1909f56bfc062723c751e8b465ee728b)
Start importing Assets/Prefabs using Guid(106bbefb1a8044146ade467628e471cc) Importer(815301076,1909f56bfc062723c751e8b465ee728b)  -> (artifact id: '2a2e4efe1c05e6e528af30ea54060833') in 0.002637 seconds 
========================================================================
Received Import Request.
  Time since last request: 0.676834 seconds.
  path: Assets/HolyShift
  artifactKey: Guid(295a35bca868f3243868ca44880a1d6b) Importer(815301076,1909f56bfc062723c751e8b465ee728b)
Start importing Assets/HolyShift using Guid(295a35bca868f3243868ca44880a1d6b) Importer(815301076,1909f56bfc062723c751e8b465ee728b)  -> (artifact id: 'eb82abae8bc2fdce21b37a419f9b1b30') in 0.037336 seconds 
========================================================================
Received Import Request.
  Time since last request: 2.667176 seconds.
  path: Assets/HolyShift/Prefabs
  artifactKey: Guid(748597e836b51436a8ef658ff8689cb5) Importer(815301076,1909f56bfc062723c751e8b465ee728b)
Start importing Assets/HolyShift/Prefabs using Guid(748597e836b51436a8ef658ff8689cb5) Importer(815301076,1909f56bfc062723c751e8b465ee728b)  -> (artifact id: '36e887ac40abd3106b0a6054a289dada') in 0.001702 seconds 
========================================================================
Received Import Request.
  Time since last request: 0.125098 seconds.
  path: Assets/HolyShift/Prefabs/Water.prefab
  artifactKey: Guid(bc4f23d04e42f4b559542ad840db6530) Importer(815301076,1909f56bfc062723c751e8b465ee728b)
Start importing Assets/HolyShift/Prefabs/Water.prefab using Guid(bc4f23d04e42f4b559542ad840db6530) Importer(815301076,1909f56bfc062723c751e8b465ee728b)  -> (artifact id: '4b250bdb80ca6a120ec40dbd666d3ee9') in 0.006587 seconds 
========================================================================
Received Import Request.
  Time since last request: 5.606096 seconds.
  path: Assets/HolyShift/Scripts
  artifactKey: Guid(4c40fc1454b2e4d5490c4df7d695a4f0) Importer(815301076,1909f56bfc062723c751e8b465ee728b)
Start importing Assets/HolyShift/Scripts using Guid(4c40fc1454b2e4d5490c4df7d695a4f0) Importer(815301076,1909f56bfc062723c751e8b465ee728b)  -> (artifact id: 'f2c8a975cde96453c890d3e62cf18e92') in 0.001640 seconds 
========================================================================
Received Import Request.
  Time since last request: 9.591461 seconds.
  path: Assets/HolyShift/Scripts/CheckForStandardAssets.cs
  artifactKey: Guid(efe2395ac3fa44a8cae53a4d4f5f3159) Importer(815301076,1909f56bfc062723c751e8b465ee728b)
Start importing Assets/HolyShift/Scripts/CheckForStandardAssets.cs using Guid(efe2395ac3fa44a8cae53a4d4f5f3159) Importer(815301076,1909f56bfc062723c751e8b465ee728b)  -> (artifact id: '9bff726d4222dc73bcf2fee90669d62c') in 0.006785 seconds 
========================================================================
Received Prepare
Registering precompiled user dll's ...
Registered in 0.010275 seconds.
Begin MonoManager ReloadAssembly
Symbol file LoadedFromMemory doesn't match image C:\Users\sebas\Documents\ENGINES\Unity\ProyectoAgua2\Agua Proyect 2\Library\PackageCache\com.unity.visualscripting@1.7.8\Editor\VisualScripting.Core\Dependencies\YamlDotNet\Unity.VisualScripting.YamlDotNet.dll
Symbol file LoadedFromMemory doesn't match image C:\Users\sebas\Documents\ENGINES\Unity\ProyectoAgua2\Agua Proyect 2\Library\PackageCache\com.unity.visualscripting@1.7.8\Editor\VisualScripting.Core\Dependencies\DotNetZip\Unity.VisualScripting.IonicZip.dll
Native extension for WindowsStandalone target not found
Refreshing native plugins compatible for Editor in 1.43 ms, found 3 plugins.
Preloading 0 native plugins for Editor in 0.00 ms.
Mono: successfully reloaded assembly
- Completed reload, in  1.553 seconds
Domain Reload Profiling:
	ReloadAssembly (1554ms)
		BeginReloadAssembly (193ms)
			ExecutionOrderSort (0ms)
			DisableScriptedObjects (5ms)
			BackupInstance (0ms)
			ReleaseScriptingObjects (0ms)
			CreateAndSetChildDomain (54ms)
		EndReloadAssembly (1208ms)
			LoadAssemblies (127ms)
			RebuildTransferFunctionScriptingTraits (0ms)
			SetupTypeCache (381ms)
			ReleaseScriptCaches (1ms)
			RebuildScriptCaches (51ms)
			SetupLoadedEditorAssemblies (592ms)
				LogAssemblyErrors (0ms)
				InitializePlatformSupportModulesInManaged (20ms)
				SetLoadedEditorAssemblies (1ms)
				RefreshPlugins (2ms)
				BeforeProcessingInitializeOnLoad (117ms)
				ProcessInitializeOnLoadAttributes (404ms)
				ProcessInitializeOnLoadMethodAttributes (38ms)
				AfterProcessingInitializeOnLoad (10ms)
				EditorAssembliesLoaded (0ms)
			ExecutionOrderSort2 (0ms)
			AwakeInstancesAfterBackupRestoration (7ms)
Platform modules already initialized, skipping
Refreshing native plugins compatible for Editor in 3.52 ms, found 3 plugins.
Preloading 0 native plugins for Editor in 0.00 ms.
Unloading 3880 Unused Serialized files (Serialized files now loaded: 0)
Unloading 23 unused Assets / (149.6 KB). Loaded Objects now: 4383.
Memory consumption went from 153.9 MB to 153.8 MB.
Total: 4.366500 ms (FindLiveObjects: 0.323900 ms CreateObjectMapping: 0.147400 ms MarkObjects: 3.743700 ms  DeleteObjects: 0.150200 ms)

AssetImportParameters requested are different than current active one (requested -> active):
  custom:video-decoder-ogg-theora: a1e56fd34408186e4bbccfd4996cb3dc -> 
  custom:container-muxer-webm: aa71ff27fc2769a1b78a27578f13a17b -> 
  custom:container-demuxer-webm: 4f35f7cbe854078d1ac9338744f61a02 -> 
  custom:video-encoder-webm-vp8: eb34c28f22e8b96e1ab97ce403110664 -> 
  custom:video-codec-MediaFoundation-h265: 746d11721c4dcdbdad8f713fa42b33f4 -> 
  custom:audio-encoder-webm-vorbis: bf7c407c2cedff20999df2af8eb42d56 -> 
  custom:framework-win-MediaFoundation: 216162199b28c13a410421893ffa2e32 -> 
  custom:container-demuxer-ogg: 62fdf1f143b41e24485cea50d1cbac27 -> 
  custom:video-decoder-webm-vp8: 9c59270c3fd7afecdb556c50c9e8de78 -> 
  custom:audio-decoder-ogg-vorbis: bf7c407c2cedff20999df2af8eb42d56 -> 
========================================================================
Received Prepare
Registering precompiled user dll's ...
Registered in 0.007001 seconds.
Begin MonoManager ReloadAssembly
Symbol file LoadedFromMemory doesn't match image C:\Users\sebas\Documents\ENGINES\Unity\ProyectoAgua2\Agua Proyect 2\Library\PackageCache\com.unity.visualscripting@1.7.8\Editor\VisualScripting.Core\Dependencies\YamlDotNet\Unity.VisualScripting.YamlDotNet.dll
Symbol file LoadedFromMemory doesn't match image C:\Users\sebas\Documents\ENGINES\Unity\ProyectoAgua2\Agua Proyect 2\Library\PackageCache\com.unity.visualscripting@1.7.8\Editor\VisualScripting.Core\Dependencies\DotNetZip\Unity.VisualScripting.IonicZip.dll
Native extension for WindowsStandalone target not found
Refreshing native plugins compatible for Editor in 1.02 ms, found 3 plugins.
Preloading 0 native plugins for Editor in 0.00 ms.
Mono: successfully reloaded assembly
- Completed reload, in  1.515 seconds
Domain Reload Profiling:
	ReloadAssembly (1516ms)
		BeginReloadAssembly (192ms)
			ExecutionOrderSort (0ms)
			DisableScriptedObjects (9ms)
			BackupInstance (0ms)
			ReleaseScriptingObjects (0ms)
			CreateAndSetChildDomain (56ms)
		EndReloadAssembly (1188ms)
			LoadAssemblies (104ms)
			RebuildTransferFunctionScriptingTraits (0ms)
			SetupTypeCache (384ms)
			ReleaseScriptCaches (2ms)
			RebuildScriptCaches (67ms)
			SetupLoadedEditorAssemblies (554ms)
				LogAssemblyErrors (0ms)
				InitializePlatformSupportModulesInManaged (16ms)
				SetLoadedEditorAssemblies (1ms)
				RefreshPlugins (1ms)
				BeforeProcessingInitializeOnLoad (97ms)
				ProcessInitializeOnLoadAttributes (385ms)
				ProcessInitializeOnLoadMethodAttributes (47ms)
				AfterProcessingInitializeOnLoad (8ms)
				EditorAssembliesLoaded (0ms)
			ExecutionOrderSort2 (0ms)
			AwakeInstancesAfterBackupRestoration (7ms)
Platform modules already initialized, skipping
Refreshing native plugins compatible for Editor in 2.66 ms, found 3 plugins.
Preloading 0 native plugins for Editor in 0.00 ms.
Unloading 3881 Unused Serialized files (Serialized files now loaded: 0)
Unloading 22 unused Assets / (149.7 KB). Loaded Objects now: 4399.
Memory consumption went from 154.0 MB to 153.8 MB.
Total: 4.185500 ms (FindLiveObjects: 0.352100 ms CreateObjectMapping: 0.154000 ms MarkObjects: 3.533900 ms  DeleteObjects: 0.144300 ms)

AssetImportParameters requested are different than current active one (requested -> active):
  custom:video-decoder-ogg-theora: a1e56fd34408186e4bbccfd4996cb3dc -> 
  custom:container-muxer-webm: aa71ff27fc2769a1b78a27578f13a17b -> 
  custom:container-demuxer-webm: 4f35f7cbe854078d1ac9338744f61a02 -> 
  custom:video-encoder-webm-vp8: eb34c28f22e8b96e1ab97ce403110664 -> 
  custom:video-codec-MediaFoundation-h265: 746d11721c4dcdbdad8f713fa42b33f4 -> 
  custom:audio-encoder-webm-vorbis: bf7c407c2cedff20999df2af8eb42d56 -> 
  custom:framework-win-MediaFoundation: 216162199b28c13a410421893ffa2e32 -> 
  custom:container-demuxer-ogg: 62fdf1f143b41e24485cea50d1cbac27 -> 
  custom:video-decoder-webm-vp8: 9c59270c3fd7afecdb556c50c9e8de78 -> 
  custom:audio-decoder-ogg-vorbis: bf7c407c2cedff20999df2af8eb42d56 -> 
========================================================================
Received Import Request.
  Time since last request: 68.232426 seconds.
  path: Assets/HolyShift/Materials
  artifactKey: Guid(b680132c7555a450281862ca51648d1b) Importer(815301076,1909f56bfc062723c751e8b465ee728b)
Start importing Assets/HolyShift/Materials using Guid(b680132c7555a450281862ca51648d1b) Importer(815301076,1909f56bfc062723c751e8b465ee728b)  -> (artifact id: 'a44bb0ea1f5d48504208f377d0cfdc54') in 0.008970 seconds 
========================================================================
Received Import Request.
  Time since last request: 1.913434 seconds.
  path: Assets/HolyShift/Materials/LowPolyBase.mat
  artifactKey: Guid(05a6462b5fca44df4b67ce7d40906d0f) Importer(815301076,1909f56bfc062723c751e8b465ee728b)
Start importing Assets/HolyShift/Materials/LowPolyBase.mat using Guid(05a6462b5fca44df4b67ce7d40906d0f) Importer(815301076,1909f56bfc062723c751e8b465ee728b)  -> (artifact id: 'dbe420f94e7f1aaf5ac67309dde709a1') in 0.278496 seconds 
========================================================================
Received Import Request.
  Time since last request: 0.000023 seconds.
  path: Assets/HolyShift/Materials/LowPolyWater.mat
  artifactKey: Guid(dba33a2bf8b23400bacf323fc2816a51) Importer(815301076,1909f56bfc062723c751e8b465ee728b)
Start importing Assets/HolyShift/Materials/LowPolyWater.mat using Guid(dba33a2bf8b23400bacf323fc2816a51) Importer(815301076,1909f56bfc062723c751e8b465ee728b)  -> (artifact id: '0ea662171dfa0043f2ee88de3b190378') in 0.017019 seconds 
========================================================================
Received Import Request.
  Time since last request: 7.272257 seconds.
  path: Assets/HolyShift/Meshes
  artifactKey: Guid(df423edd53348410d8fc693098fe3110) Importer(815301076,1909f56bfc062723c751e8b465ee728b)
Start importing Assets/HolyShift/Meshes using Guid(df423edd53348410d8fc693098fe3110) Importer(815301076,1909f56bfc062723c751e8b465ee728b)  -> (artifact id: 'e90db4db1e750377ecabab14955fd936') in 0.002213 seconds 
========================================================================
Received Import Request.
  Time since last request: 0.265979 seconds.
  path: Assets/HolyShift/Meshes/GroundRollingStone.fbx
  artifactKey: Guid(9d1427ad240df40799a197d044bb4cc3) Importer(815301076,1909f56bfc062723c751e8b465ee728b)
Start importing Assets/HolyShift/Meshes/GroundRollingStone.fbx using Guid(9d1427ad240df40799a197d044bb4cc3) Importer(815301076,1909f56bfc062723c751e8b465ee728b)  -> (artifact id: '32e796a4c8a0336501339b5ef9fbd793') in 0.126753 seconds 
========================================================================
Received Import Request.
  Time since last request: 2.462960 seconds.
  path: Assets/HolyShift/Meshes/Materials
  artifactKey: Guid(47cb78373bcca48ed8952e540a228eb7) Importer(815301076,1909f56bfc062723c751e8b465ee728b)
Start importing Assets/HolyShift/Meshes/Materials using Guid(47cb78373bcca48ed8952e540a228eb7) Importer(815301076,1909f56bfc062723c751e8b465ee728b)  -> (artifact id: 'bb60baa77e1e01ff1317129bd32c420e') in 0.001937 seconds 
========================================================================
Received Import Request.
  Time since last request: 0.055796 seconds.
  path: Assets/HolyShift/Meshes/Materials/Rock.018.mat
  artifactKey: Guid(41049c84597644bbda308165ca8d375a) Importer(815301076,1909f56bfc062723c751e8b465ee728b)
Start importing Assets/HolyShift/Meshes/Materials/Rock.018.mat using Guid(41049c84597644bbda308165ca8d375a) Importer(815301076,1909f56bfc062723c751e8b465ee728b)  -> (artifact id: '46067e605dcc2608bfc1375519b79704') in 0.014395 seconds 
========================================================================
Received Import Request.
  Time since last request: 5.716873 seconds.
  path: Assets/HolyShift/Scenes
  artifactKey: Guid(38915238401f14f43bec960cffe4b40e) Importer(815301076,1909f56bfc062723c751e8b465ee728b)
Start importing Assets/HolyShift/Scenes using Guid(38915238401f14f43bec960cffe4b40e) Importer(815301076,1909f56bfc062723c751e8b465ee728b)  -> (artifact id: 'ae1b8b6af9301bcacef9f0be0e415ab7') in 0.001728 seconds 
========================================================================
Received Import Request.
  Time since last request: 1.643707 seconds.
  path: Assets/HolyShift/Scenes/WaterSampleScene.unity
  artifactKey: Guid(f228f0adc14e34a099e948d907875d8d) Importer(815301076,1909f56bfc062723c751e8b465ee728b)
Start importing Assets/HolyShift/Scenes/WaterSampleScene.unity using Guid(f228f0adc14e34a099e948d907875d8d) Importer(815301076,1909f56bfc062723c751e8b465ee728b)  -> (artifact id: 'eae45361f0a28e1b42381bee57ed59a4') in 0.037331 seconds 
========================================================================
Received Import Request.
  Time since last request: 11.592063 seconds.
  path: Assets/HolyShift/Scenes/WaterSampleSceneSettings.lighting
  artifactKey: Guid(6068f0a5e426a30458aa73b21edd749c) Importer(815301076,1909f56bfc062723c751e8b465ee728b)
Start importing Assets/HolyShift/Scenes/WaterSampleSceneSettings.lighting using Guid(6068f0a5e426a30458aa73b21edd749c) Importer(815301076,1909f56bfc062723c751e8b465ee728b) LightingSettings: switching bake backend from 1 to 0.
 -> (artifact id: 'a5e48663771a7d3109fae49e1b9b2b58') in 0.004096 seconds 
========================================================================
Received Import Request.
  Time since last request: 18.185330 seconds.
  path: Assets/HolyShift/Shaders
  artifactKey: Guid(353b0be48cb734ef79518dec48d25d72) Importer(815301076,1909f56bfc062723c751e8b465ee728b)
Start importing Assets/HolyShift/Shaders using Guid(353b0be48cb734ef79518dec48d25d72) Importer(815301076,1909f56bfc062723c751e8b465ee728b)  -> (artifact id: '9e6b1a9f8315e55f039dfeb8c6e1da4c') in 0.002325 seconds 
========================================================================
Received Import Request.
  Time since last request: 0.255780 seconds.
  path: Assets/HolyShift/Shaders/WaterInclude.cginc
  artifactKey: Guid(8c6a4cb5ce5c646928adfc2c466d52dd) Importer(815301076,1909f56bfc062723c751e8b465ee728b)
Start importing Assets/HolyShift/Shaders/WaterInclude.cginc using Guid(8c6a4cb5ce5c646928adfc2c466d52dd) Importer(815301076,1909f56bfc062723c751e8b465ee728b)  -> (artifact id: '6f3060c55a1f23abd2068da25192d627') in 0.004375 seconds 
========================================================================
Received Import Request.
  Time since last request: 3.082245 seconds.
  path: Assets/HolyShift/Textures
  artifactKey: Guid(34ae26d41f9764a4296c3bd4f4f443a3) Importer(815301076,1909f56bfc062723c751e8b465ee728b)
Start importing Assets/HolyShift/Textures using Guid(34ae26d41f9764a4296c3bd4f4f443a3) Importer(815301076,1909f56bfc062723c751e8b465ee728b)  -> (artifact id: '2594b6dedecc63aba26d4b93be0e711f') in 0.002086 seconds 
========================================================================
Received Import Request.
  Time since last request: 0.251419 seconds.
  path: Assets/HolyShift/Textures/Distortion.png
  artifactKey: Guid(b01980ff2ae464fadaac446f66f5558f) Importer(815301076,1909f56bfc062723c751e8b465ee728b)
Start importing Assets/HolyShift/Textures/Distortion.png using Guid(b01980ff2ae464fadaac446f66f5558f) Importer(815301076,1909f56bfc062723c751e8b465ee728b)  -> (artifact id: '788b5c818860ad764e4b44ba8bbf1970') in 0.072076 seconds 
========================================================================
Received Prepare
Registering precompiled user dll's ...
Registered in 0.009539 seconds.
Begin MonoManager ReloadAssembly
Symbol file LoadedFromMemory doesn't match image C:\Users\sebas\Documents\ENGINES\Unity\ProyectoAgua2\Agua Proyect 2\Library\PackageCache\com.unity.visualscripting@1.7.8\Editor\VisualScripting.Core\Dependencies\YamlDotNet\Unity.VisualScripting.YamlDotNet.dll
Symbol file LoadedFromMemory doesn't match image C:\Users\sebas\Documents\ENGINES\Unity\ProyectoAgua2\Agua Proyect 2\Library\PackageCache\com.unity.visualscripting@1.7.8\Editor\VisualScripting.Core\Dependencies\DotNetZip\Unity.VisualScripting.IonicZip.dll
Native extension for WindowsStandalone target not found
Refreshing native plugins compatible for Editor in 0.91 ms, found 3 plugins.
Preloading 0 native plugins for Editor in 0.00 ms.
Mono: successfully reloaded assembly
- Completed reload, in  1.433 seconds
Domain Reload Profiling:
	ReloadAssembly (1433ms)
		BeginReloadAssembly (183ms)
			ExecutionOrderSort (0ms)
			DisableScriptedObjects (5ms)
			BackupInstance (0ms)
			ReleaseScriptingObjects (0ms)
			CreateAndSetChildDomain (56ms)
		EndReloadAssembly (1120ms)
			LoadAssemblies (111ms)
			RebuildTransferFunctionScriptingTraits (0ms)
			SetupTypeCache (355ms)
			ReleaseScriptCaches (2ms)
			RebuildScriptCaches (49ms)
			SetupLoadedEditorAssemblies (553ms)
				LogAssemblyErrors (0ms)
				InitializePlatformSupportModulesInManaged (15ms)
				SetLoadedEditorAssemblies (1ms)
				RefreshPlugins (1ms)
				BeforeProcessingInitializeOnLoad (120ms)
				ProcessInitializeOnLoadAttributes (374ms)
				ProcessInitializeOnLoadMethodAttributes (34ms)
				AfterProcessingInitializeOnLoad (8ms)
				EditorAssembliesLoaded (0ms)
			ExecutionOrderSort2 (0ms)
			AwakeInstancesAfterBackupRestoration (7ms)
Platform modules already initialized, skipping
Refreshing native plugins compatible for Editor in 3.49 ms, found 3 plugins.
Preloading 0 native plugins for Editor in 0.00 ms.
Unloading 3880 Unused Serialized files (Serialized files now loaded: 0)
Unloading 23 unused Assets / (149.6 KB). Loaded Objects now: 4451.
Memory consumption went from 154.4 MB to 154.2 MB.
Total: 4.103100 ms (FindLiveObjects: 0.346200 ms CreateObjectMapping: 0.155700 ms MarkObjects: 3.469000 ms  DeleteObjects: 0.131100 ms)

AssetImportParameters requested are different than current active one (requested -> active):
  custom:video-decoder-ogg-theora: a1e56fd34408186e4bbccfd4996cb3dc -> 
  custom:container-muxer-webm: aa71ff27fc2769a1b78a27578f13a17b -> 
  custom:container-demuxer-webm: 4f35f7cbe854078d1ac9338744f61a02 -> 
  custom:video-encoder-webm-vp8: eb34c28f22e8b96e1ab97ce403110664 -> 
  custom:video-codec-MediaFoundation-h265: 746d11721c4dcdbdad8f713fa42b33f4 -> 
  custom:audio-encoder-webm-vorbis: bf7c407c2cedff20999df2af8eb42d56 -> 
  custom:framework-win-MediaFoundation: 216162199b28c13a410421893ffa2e32 -> 
  custom:container-demuxer-ogg: 62fdf1f143b41e24485cea50d1cbac27 -> 
  custom:video-decoder-webm-vp8: 9c59270c3fd7afecdb556c50c9e8de78 -> 
  custom:audio-decoder-ogg-vorbis: bf7c407c2cedff20999df2af8eb42d56 -> 
========================================================================
Received Import Request.
  Time since last request: 64.406404 seconds.
  path: Assets/Scenes/First scene test.unity
  artifactKey: Guid(c1951f8fb8b93b94682be9b919af3bf9) Importer(815301076,1909f56bfc062723c751e8b465ee728b)
Start importing Assets/Scenes/First scene test.unity using Guid(c1951f8fb8b93b94682be9b919af3bf9) Importer(815301076,1909f56bfc062723c751e8b465ee728b)  -> (artifact id: '8070374c218017c5872c64887928c8ac') in 0.009863 seconds 
========================================================================
Received Prepare
Registering precompiled user dll's ...
Registered in 0.007051 seconds.
Begin MonoManager ReloadAssembly
Symbol file LoadedFromMemory doesn't match image C:\Users\sebas\Documents\ENGINES\Unity\ProyectoAgua2\Agua Proyect 2\Library\PackageCache\com.unity.visualscripting@1.7.8\Editor\VisualScripting.Core\Dependencies\YamlDotNet\Unity.VisualScripting.YamlDotNet.dll
Symbol file LoadedFromMemory doesn't match image C:\Users\sebas\Documents\ENGINES\Unity\ProyectoAgua2\Agua Proyect 2\Library\PackageCache\com.unity.visualscripting@1.7.8\Editor\VisualScripting.Core\Dependencies\DotNetZip\Unity.VisualScripting.IonicZip.dll
Native extension for WindowsStandalone target not found
Refreshing native plugins compatible for Editor in 1.54 ms, found 3 plugins.
Preloading 0 native plugins for Editor in 0.00 ms.
Mono: successfully reloaded assembly
- Completed reload, in  1.526 seconds
Domain Reload Profiling:
	ReloadAssembly (1527ms)
		BeginReloadAssembly (216ms)
			ExecutionOrderSort (0ms)
			DisableScriptedObjects (8ms)
			BackupInstance (0ms)
			ReleaseScriptingObjects (0ms)
			CreateAndSetChildDomain (69ms)
		EndReloadAssembly (1167ms)
			LoadAssemblies (120ms)
			RebuildTransferFunctionScriptingTraits (0ms)
			SetupTypeCache (366ms)
			ReleaseScriptCaches (2ms)
			RebuildScriptCaches (57ms)
			SetupLoadedEditorAssemblies (568ms)
				LogAssemblyErrors (0ms)
				InitializePlatformSupportModulesInManaged (16ms)
				SetLoadedEditorAssemblies (1ms)
				RefreshPlugins (2ms)
				BeforeProcessingInitializeOnLoad (98ms)
				ProcessInitializeOnLoadAttributes (398ms)
				ProcessInitializeOnLoadMethodAttributes (44ms)
				AfterProcessingInitializeOnLoad (8ms)
				EditorAssembliesLoaded (0ms)
			ExecutionOrderSort2 (0ms)
			AwakeInstancesAfterBackupRestoration (8ms)
Platform modules already initialized, skipping
Refreshing native plugins compatible for Editor in 3.50 ms, found 3 plugins.
Preloading 0 native plugins for Editor in 0.00 ms.
Unloading 3881 Unused Serialized files (Serialized files now loaded: 0)
Unloading 22 unused Assets / (149.8 KB). Loaded Objects now: 4467.
Memory consumption went from 154.4 MB to 154.3 MB.
Total: 5.925700 ms (FindLiveObjects: 0.353800 ms CreateObjectMapping: 0.153900 ms MarkObjects: 5.240500 ms  DeleteObjects: 0.176500 ms)

AssetImportParameters requested are different than current active one (requested -> active):
  custom:video-decoder-ogg-theora: a1e56fd34408186e4bbccfd4996cb3dc -> 
  custom:container-muxer-webm: aa71ff27fc2769a1b78a27578f13a17b -> 
  custom:container-demuxer-webm: 4f35f7cbe854078d1ac9338744f61a02 -> 
  custom:video-encoder-webm-vp8: eb34c28f22e8b96e1ab97ce403110664 -> 
  custom:video-codec-MediaFoundation-h265: 746d11721c4dcdbdad8f713fa42b33f4 -> 
  custom:audio-encoder-webm-vorbis: bf7c407c2cedff20999df2af8eb42d56 -> 
  custom:framework-win-MediaFoundation: 216162199b28c13a410421893ffa2e32 -> 
  custom:container-demuxer-ogg: 62fdf1f143b41e24485cea50d1cbac27 -> 
  custom:video-decoder-webm-vp8: 9c59270c3fd7afecdb556c50c9e8de78 -> 
  custom:audio-decoder-ogg-vorbis: bf7c407c2cedff20999df2af8eb42d56 -> 
========================================================================
Received Import Request.
  Time since last request: 1320.543398 seconds.
  path: Assets/Standard Assets
  artifactKey: Guid(c6195a43a0187a34e9c6be23520d3766) Importer(815301076,1909f56bfc062723c751e8b465ee728b)
Start importing Assets/Standard Assets using Guid(c6195a43a0187a34e9c6be23520d3766) Importer(815301076,1909f56bfc062723c751e8b465ee728b)  -> (artifact id: '2f578e3cc997b20e767cadd8e2c4b708') in 0.012329 seconds 
========================================================================
Received Import Request.
  Time since last request: 125.856711 seconds.
  path: Assets/HolyShift/Shaders/FXWaterLowpoly.shader
  artifactKey: Guid(c5617dffeb9944fa3a50334e9f9f8c5e) Importer(815301076,1909f56bfc062723c751e8b465ee728b)
Start importing Assets/HolyShift/Shaders/FXWaterLowpoly.shader using Guid(c5617dffeb9944fa3a50334e9f9f8c5e) Importer(815301076,1909f56bfc062723c751e8b465ee728b)  -> (artifact id: '0d716143577fcfcd9e11594cfe3fe3a0') in 0.020487 seconds 
========================================================================
Received Import Request.
  Time since last request: 16.923907 seconds.
  path: Assets/HolyShift/readme.txt
  artifactKey: Guid(6b0d1932c29614b529651a4a49749221) Importer(815301076,1909f56bfc062723c751e8b465ee728b)
Start importing Assets/HolyShift/readme.txt using Guid(6b0d1932c29614b529651a4a49749221) Importer(815301076,1909f56bfc062723c751e8b465ee728b)  -> (artifact id: 'b4f15bd98eba9813478c462225c74749') in 0.057154 seconds 
========================================================================
Received Import Request.
  Time since last request: 59.969696 seconds.
  path: Assets/Standard Assets/Environment/Water/Water/Scripts/WaterBase.cs
  artifactKey: Guid(a1da353243062479a9b31c85074a796b) Importer(815301076,1909f56bfc062723c751e8b465ee728b)
Start importing Assets/Standard Assets/Environment/Water/Water/Scripts/WaterBase.cs using Guid(a1da353243062479a9b31c85074a796b) Importer(815301076,1909f56bfc062723c751e8b465ee728b)  -> (artifact id: '9d2edc0f1b3d09e521fbbc2f984cb76d') in 0.001775 seconds 
========================================================================
Received Import Request.
  Time since last request: 98.669951 seconds.
  path: Assets/HolyShift/Materials/Distortion.mat
  artifactKey: Guid(01bc3fc5e48d7804da1894acfa341d36) Importer(815301076,1909f56bfc062723c751e8b465ee728b)
Start importing Assets/HolyShift/Materials/Distortion.mat using Guid(01bc3fc5e48d7804da1894acfa341d36) Importer(815301076,1909f56bfc062723c751e8b465ee728b)  -> (artifact id: 'a1cfbb595d448d19f2ce58ead13c29b7') in 0.089220 seconds 
========================================================================
Received Import Request.
  Time since last request: 76.711979 seconds.
  path: Assets/Scripts/WaterStream.cs
  artifactKey: Guid(ff73bd42bf157c94db898fd0416cbe62) Importer(815301076,1909f56bfc062723c751e8b465ee728b)
Start importing Assets/Scripts/WaterStream.cs using Guid(ff73bd42bf157c94db898fd0416cbe62) Importer(815301076,1909f56bfc062723c751e8b465ee728b)  -> (artifact id: '3b685bf030245d81871de1947047daf5') in 0.002311 seconds 
========================================================================
Received Import Request.
  Time since last request: 34.051851 seconds.
  path: Assets/Standard Assets/Utility
  artifactKey: Guid(4539eb30e895bbb41b5eae6df2dde978) Importer(815301076,1909f56bfc062723c751e8b465ee728b)
Start importing Assets/Standard Assets/Utility using Guid(4539eb30e895bbb41b5eae6df2dde978) Importer(815301076,1909f56bfc062723c751e8b465ee728b)  -> (artifact id: '6bcd6f0232cf6e09b82fb84de77a7934') in 0.002057 seconds 
